[2020-06-07T16:40:28.426] [DEBUG] default - Account created successfully with account Number :1016
[2020-06-07T17:03:32.868] [DEBUG] default - Customer added successfully with customer id :6
[2020-06-07T17:03:34.838] [DEBUG] default - ---Customer Name---
[2020-06-07T17:03:34.996] [DEBUG] default - Hermoine Granger
[2020-06-07T17:03:35.095] [DEBUG] default - Harry Potter
[2020-06-07T17:03:35.187] [DEBUG] default - Ron Weasly
[2020-06-07T17:03:35.332] [DEBUG] default - Albus Dumbledore
[2020-06-07T17:03:35.417] [DEBUG] default - Neville Longbottom
[2020-06-07T17:03:35.502] [DEBUG] default - Dravid Kumar
[2020-06-07T17:03:35.504] [DEBUG] default - Item was fund in the list
[2020-06-07T17:03:35.508] [DEBUG] default - Item was clicked
[2020-06-07T17:03:36.445] [DEBUG] default - Account created successfully with account Number :1016
[2020-06-07T17:03:46.143] [DEBUG] default - Browser Title :- 11
[2020-06-07T17:04:23.416] [DEBUG] default - Customer added successfully with customer id :6
[2020-06-07T17:04:25.005] [DEBUG] default - ---Customer Name---
[2020-06-07T17:04:25.050] [DEBUG] default - Hermoine Granger
[2020-06-07T17:04:25.103] [DEBUG] default - Harry Potter
[2020-06-07T17:04:25.146] [DEBUG] default - Ron Weasly
[2020-06-07T17:04:25.181] [DEBUG] default - Albus Dumbledore
[2020-06-07T17:04:25.221] [DEBUG] default - Neville Longbottom
[2020-06-07T17:04:25.267] [DEBUG] default - Item was fund in the list
[2020-06-07T17:04:25.270] [DEBUG] default - Item was clicked
[2020-06-07T17:04:25.261] [DEBUG] default - Dravid Kumar
[2020-06-07T17:04:25.839] [DEBUG] default - Account created successfully with account Number :1016
[2020-06-07T17:04:31.203] [DEBUG] default - Browser Title :- 11
[2020-06-07T17:05:22.758] [DEBUG] default - Customer added successfully with customer id :6
[2020-06-07T17:05:23.930] [DEBUG] default - ---Customer Name---
[2020-06-07T17:05:23.969] [DEBUG] default - Hermoine Granger
[2020-06-07T17:05:24.011] [DEBUG] default - Harry Potter
[2020-06-07T17:05:24.052] [DEBUG] default - Ron Weasly
[2020-06-07T17:05:24.096] [DEBUG] default - Albus Dumbledore
[2020-06-07T17:05:24.139] [DEBUG] default - Neville Longbottom
[2020-06-07T17:05:24.172] [DEBUG] default - Dravid Kumar
[2020-06-07T17:05:24.175] [DEBUG] default - Item was fund in the list
[2020-06-07T17:05:24.179] [DEBUG] default - Item was clicked
[2020-06-07T17:05:24.801] [DEBUG] default - Account created successfully with account Number :1016
